
> agrio-india@1.0.0 dev
> next dev

  ▲ Next.js 14.2.5
  - Local:        http://localhost:3000
  - Environments: .env

 ✓ Starting...
 ✓ Ready in 1156ms
 ○ Compiling /dashboard/rewards ...
 ✓ Compiled /dashboard/rewards in 1394ms (1705 modules)
(node:86172) Warning: `--localstorage-file` was provided without a valid path
(Use `node --trace-warnings ...` to show where the warning was created)
 GET /dashboard/rewards 200 in 1776ms
 ✓ Compiled in 362ms (830 modules)
 ✓ Compiled /dashboard in 387ms (1705 modules)
 GET /dashboard 200 in 506ms
 GET /dashboard 200 in 25ms
 GET /dashboard 200 in 25ms
 GET /dashboard 200 in 15ms
 ✓ Compiled /auth in 269ms (1769 modules)
 GET /auth 200 in 38ms
 GET /auth 200 in 33ms
 GET /auth 200 in 17ms
 GET /auth 200 in 19ms
[?25h
